d:\bram\documents\avans\2016-2017\blok 14\cpp2\machiavelli\machiavelli\machiavelli\debug\vc140.pdb
d:\bram\documents\avans\2016-2017\blok 14\cpp2\machiavelli\machiavelli\machiavelli\debug\vc140.idb
d:\bram\documents\avans\2016-2017\blok 14\cpp2\machiavelli\machiavelli\machiavelli\debug\game.obj
d:\bram\documents\avans\2016-2017\blok 14\cpp2\machiavelli\machiavelli\machiavelli\debug\gameserver.obj
d:\bram\documents\avans\2016-2017\blok 14\cpp2\machiavelli\machiavelli\machiavelli\debug\hof.obj
d:\bram\documents\avans\2016-2017\blok 14\cpp2\machiavelli\machiavelli\machiavelli\debug\kerker.obj
d:\bram\documents\avans\2016-2017\blok 14\cpp2\machiavelli\machiavelli\machiavelli\debug\kerkhof.obj
d:\bram\documents\avans\2016-2017\blok 14\cpp2\machiavelli\machiavelli\machiavelli\debug\koning.obj
d:\bram\documents\avans\2016-2017\blok 14\cpp2\machiavelli\machiavelli\machiavelli\debug\koopman.obj
d:\bram\documents\avans\2016-2017\blok 14\cpp2\machiavelli\machiavelli\machiavelli\debug\laboratorium.obj
d:\bram\documents\avans\2016-2017\blok 14\cpp2\machiavelli\machiavelli\machiavelli\debug\magier.obj
d:\bram\documents\avans\2016-2017\blok 14\cpp2\machiavelli\machiavelli\machiavelli\debug\main.obj
d:\bram\documents\avans\2016-2017\blok 14\cpp2\machiavelli\machiavelli\machiavelli\debug\moordenaar.obj
d:\bram\documents\avans\2016-2017\blok 14\cpp2\machiavelli\machiavelli\machiavelli\debug\observatorium.obj
d:\bram\documents\avans\2016-2017\blok 14\cpp2\machiavelli\machiavelli\machiavelli\debug\player.obj
d:\bram\documents\avans\2016-2017\blok 14\cpp2\machiavelli\machiavelli\machiavelli\debug\prediker.obj
d:\bram\documents\avans\2016-2017\blok 14\cpp2\machiavelli\machiavelli\machiavelli\debug\purplecard.obj
d:\bram\documents\avans\2016-2017\blok 14\cpp2\machiavelli\machiavelli\machiavelli\debug\school.obj
d:\bram\documents\avans\2016-2017\blok 14\cpp2\machiavelli\machiavelli\machiavelli\debug\socket.obj
d:\bram\documents\avans\2016-2017\blok 14\cpp2\machiavelli\machiavelli\machiavelli\debug\throw.obj
d:\bram\documents\avans\2016-2017\blok 14\cpp2\machiavelli\machiavelli\machiavelli\debug\universiteit.obj
d:\bram\documents\avans\2016-2017\blok 14\cpp2\machiavelli\machiavelli\machiavelli\debug\werkplaats.obj
d:\bram\documents\avans\2016-2017\blok 14\cpp2\machiavelli\machiavelli\machiavelli\debug\bibliotheek.obj
d:\bram\documents\avans\2016-2017\blok 14\cpp2\machiavelli\machiavelli\machiavelli\debug\bouwmeester.obj
d:\bram\documents\avans\2016-2017\blok 14\cpp2\machiavelli\machiavelli\machiavelli\debug\buildcard.obj
d:\bram\documents\avans\2016-2017\blok 14\cpp2\machiavelli\machiavelli\machiavelli\debug\charactercard.obj
d:\bram\documents\avans\2016-2017\blok 14\cpp2\machiavelli\machiavelli\machiavelli\debug\client.obj
d:\bram\documents\avans\2016-2017\blok 14\cpp2\machiavelli\machiavelli\machiavelli\debug\clientcommand.obj
d:\bram\documents\avans\2016-2017\blok 14\cpp2\machiavelli\machiavelli\machiavelli\debug\condottiere.obj
d:\bram\documents\avans\2016-2017\blok 14\cpp2\machiavelli\machiavelli\machiavelli\debug\dief.obj
d:\bram\documents\avans\2016-2017\blok 14\cpp2\machiavelli\machiavelli\machiavelli\debug\drakenpoort.obj
d:\bram\documents\avans\2016-2017\blok 14\cpp2\machiavelli\machiavelli\machiavelli\debug\factory.obj
d:\bram\documents\avans\2016-2017\blok 14\cpp2\machiavelli\machiavelli\debug\machiavelli.pdb
d:\bram\documents\avans\2016-2017\blok 14\cpp2\machiavelli\machiavelli\debug\machiavelli.ilk
d:\bram\documents\avans\2016-2017\blok 14\cpp2\machiavelli\machiavelli\machiavelli\debug\machiavelli.tlog\cl.command.1.tlog
d:\bram\documents\avans\2016-2017\blok 14\cpp2\machiavelli\machiavelli\machiavelli\debug\machiavelli.tlog\cl.read.1.tlog
d:\bram\documents\avans\2016-2017\blok 14\cpp2\machiavelli\machiavelli\machiavelli\debug\machiavelli.tlog\cl.write.1.tlog
d:\bram\documents\avans\2016-2017\blok 14\cpp2\machiavelli\machiavelli\machiavelli\debug\machiavelli.tlog\link.command.1.tlog
d:\bram\documents\avans\2016-2017\blok 14\cpp2\machiavelli\machiavelli\machiavelli\debug\machiavelli.tlog\link.read.1.tlog
d:\bram\documents\avans\2016-2017\blok 14\cpp2\machiavelli\machiavelli\machiavelli\debug\machiavelli.tlog\link.write.1.tlog
